proguard/seeds.txt
com.actionbarsherlock.internal.widget.IcsProgressBar$SavedState
com.actionbarsherlock.internal.widget.IcsProgressBar$SavedState: android.os.Parcelable$Creator CREATOR
com.actionbarsherlock.internal.widget.IcsSpinner: void setEnabled(boolean)
com.actionbarsherlock.internal.widget.IcsSpinner: void setGravity(int)
com.actionbarsherlock.internal.widget.IcsSpinner: void setAdapter(android.widget.SpinnerAdapter)
com.actionbarsherlock.internal.widget.IcsSpinner: int getBaseline()
com.actionbarsherlock.internal.widget.IcsSpinner: void setOnItemClickListener(android.widget.AdapterView$OnItemClickListener)
com.actionbarsherlock.internal.widget.IcsSpinner: void setUpChild(android.view.View)
com.actionbarsherlock.internal.widget.IcsSpinner: void setPrompt(java.lang.CharSequence)
com.actionbarsherlock.internal.widget.IcsSpinner: void setPromptId(int)
com.actionbarsherlock.internal.widget.IcsSpinner: java.lang.CharSequence getPrompt()
com.actionbarsherlock.internal.widget.ScrollingTabContainerView: void setAllowCollapse(boolean)
com.actionbarsherlock.internal.widget.ScrollingTabContainerView: void setTabSelected(int)
com.actionbarsherlock.internal.widget.ScrollingTabContainerView: void setContentHeight(int)
com.actionbarsherlock.internal.widget.ScrollingTabContainerView$TabView
com.actionbarsherlock.internal.widget.ScrollingTabContainerView$TabView: ScrollingTabContainerView$TabView(android.content.Context,android.util.AttributeSet)
com.actionbarsherlock.internal.widget.ScrollingTabContainerView$TabView: com.actionbarsherlock.app.ActionBar$Tab getTab()
com.actionbarsherlock.widget.SearchView: void setSearchableInfo(android.app.SearchableInfo)
com.actionbarsherlock.widget.SearchView: void setAppSearchData(android.os.Bundle)
com.actionbarsherlock.widget.SearchView: void setImeOptions(int)
com.actionbarsherlock.widget.SearchView: int getImeOptions()
com.actionbarsherlock.widget.SearchView: void setInputType(int)
com.actionbarsherlock.widget.SearchView: int getInputType()
com.actionbarsherlock.widget.SearchView: void setOnQueryTextListener(com.actionbarsherlock.widget.SearchView$OnQueryTextListener)
com.actionbarsherlock.widget.SearchView: void setOnCloseListener(com.actionbarsherlock.widget.SearchView$OnCloseListener)
com.actionbarsherlock.widget.SearchView: void setOnQueryTextFocusChangeListener(android.view.View$OnFocusChangeListener)
com.actionbarsherlock.widget.SearchView: void setOnSuggestionListener(com.actionbarsherlock.widget.SearchView$OnSuggestionListener)
com.actionbarsherlock.widget.SearchView: void setOnSearchClickListener(android.view.View$OnClickListener)
com.actionbarsherlock.widget.SearchView: java.lang.CharSequence getQuery()
com.actionbarsherlock.widget.SearchView: void setQueryHint(java.lang.CharSequence)
com.actionbarsherlock.widget.SearchView: java.lang.CharSequence getQueryHint()
com.actionbarsherlock.widget.SearchView: void setIconifiedByDefault(boolean)
com.actionbarsherlock.widget.SearchView: void setIconified(boolean)
com.actionbarsherlock.widget.SearchView$SearchAutoComplete
com.actionbarsherlock.widget.SearchView$SearchAutoComplete: SearchView$SearchAutoComplete(android.content.Context)
com.actionbarsherlock.widget.SearchView$SearchAutoComplete: SearchView$SearchAutoComplete(android.content.Context,android.util.AttributeSet)
com.actionbarsherlock.widget.SearchView$SearchAutoComplete: SearchView$SearchAutoComplete(android.content.Context,android.util.AttributeSet,int)
com.actionbarsherlock.widget.SearchView$SearchAutoComplete: void setSearchView(com.actionbarsherlock.widget.SearchView)
com.actionbarsherlock.widget.SearchView$SearchAutoComplete: void setThreshold(int)
com.dropbox.sync.android.DbxError: com.dropbox.sync.android.DbxError[] values()
com.dropbox.sync.android.DbxError: com.dropbox.sync.android.DbxError valueOf(java.lang.String)