proguard/mapping.txt
android.support.v4.app.FragmentTabHost$SavedState$1 -> android.support.v4.app.ah:
    android.support.v4.app.FragmentTabHost$SavedState createFromParcel(android.os.Parcel) -> a
    android.support.v4.app.FragmentTabHost$SavedState[] newArray(int) -> a
    java.lang.Object[] newArray(int) -> newArray
    java.lang.Object createFromParcel(android.os.Parcel) -> createFromParcel
android.support.v4.app.FragmentTabHost$TabInfo -> android.support.v4.app.ai:
    java.lang.String tag -> a
    java.lang.Class clss -> b
    android.os.Bundle args -> c
    android.support.v4.app.Fragment fragment -> d
    android.support.v4.app.Fragment access$102(android.support.v4.app.FragmentTabHost$TabInfo,android.support.v4.app.Fragment) -> a
    android.support.v4.app.Fragment access$100(android.support.v4.app.FragmentTabHost$TabInfo) -> a
    java.lang.String access$200(android.support.v4.app.FragmentTabHost$TabInfo) -> b
    java.lang.Class access$300(android.support.v4.app.FragmentTabHost$TabInfo) -> c
    android.os.Bundle access$400(android.support.v4.app.FragmentTabHost$TabInfo) -> d
android.support.v4.app.FragmentTransaction -> android.support.v4.app.aj:
    android.support.v4.app.FragmentTransaction add(android.support.v4.app.Fragment,java.lang.String) -> a
    android.support.v4.app.FragmentTransaction add(int,android.support.v4.app.Fragment,java.lang.String) -> a
    android.support.v4.app.FragmentTransaction remove(android.support.v4.app.Fragment) -> a
    android.support.v4.app.FragmentTransaction detach(android.support.v4.app.Fragment) -> b
    android.support.v4.app.FragmentTransaction attach(android.support.v4.app.Fragment) -> c
    int commit() -> a
    int commitAllowingStateLoss() -> b
android.support.v4.app.LoaderManager -> android.support.v4.app.ak:
    boolean hasRunningLoaders() -> a
android.support.v4.app.LoaderManager$LoaderCallbacks -> android.support.v4.app.al:
    android.support.v4.content.Loader onCreateLoader(int,android.os.Bundle) -> a
    void onLoadFinished(android.support.v4.content.Loader,java.lang.Object) -> a
    void onLoaderReset(android.support.v4.content.Loader) -> a
android.support.v4.app.LoaderManagerImpl -> android.support.v4.app.am:
    boolean DEBUG -> a
    android.support.v4.util.SparseArrayCompat mLoaders -> b
    android.support.v4.util.SparseArrayCompat mInactiveLoaders -> c
    java.lang.String mWho -> d
    android.support.v4.app.FragmentActivity mActivity -> e
    boolean mStarted -> f
    boolean mRetaining -> g
    void updateActivity(android.support.v4.app.FragmentActivity) -> a
    void doStart() -> b
    void doStop() -> c
    void doRetain() -> d
    void finishRetain() -> e
    void doReportNextStart() -> f
    void doReportStart() -> g
    void doDestroy() -> h
    java.lang.String toString() -> toString
    void dump(java.lang.String,java.io.FileDescriptor,java.io.PrintWriter,java.lang.String[]) -> a
    boolean hasRunningLoaders() -> a