proguard/usage.txt
android.UnusedStub
android.support.v4.accessibilityservice.AccessibilityServiceInfoCompat
android.support.v4.accessibilityservice.AccessibilityServiceInfoCompat$AccessibilityServiceInfoIcsImpl
android.support.v4.accessibilityservice.AccessibilityServiceInfoCompat$AccessibilityServiceInfoJellyBeanMr2
android.support.v4.accessibilityservice.AccessibilityServiceInfoCompat$AccessibilityServiceInfoStubImpl
android.support.v4.accessibilityservice.AccessibilityServiceInfoCompat$AccessibilityServiceInfoVersionImpl
android.support.v4.accessibilityservice.AccessibilityServiceInfoCompatIcs
android.support.v4.accessibilityservice.AccessibilityServiceInfoCompatJellyBeanMr2
android.support.v4.app.ActionBarDrawerToggle:
    private static final float TOGGLE_DRAWABLE_OFFSET
    private static final int ID_HOME
    246:255:public void setDrawerIndicatorEnabled(boolean)
    262:262:public boolean isDrawerIndicatorEnabled()
    274:277:public void onConfigurationChanged(android.content.res.Configuration)
    289:297:public boolean onOptionsItemSelected(android.view.MenuItem)
android.support.v4.app.ActionBarDrawerToggleHoneycomb:
    private static final java.lang.String TAG
    39:92:ActionBarDrawerToggleHoneycomb()
android.support.v4.app.ActivityCompat
android.support.v4.app.ActivityCompatHoneycomb:
    27:27:ActivityCompatHoneycomb()
    34:35:static void dump(android.app.Activity,java.lang.String,java.io.FileDescriptor,java.io.PrintWriter,java.lang.String[])
android.support.v4.app.ActivityCompatJB
android.support.v4.app.ActivityOptionsCompat
android.support.v4.app.ActivityOptionsCompat$ActivityOptionsImplJB
android.support.v4.app.ActivityOptionsCompatJB
android.support.v4.app.BackStackRecord:
    static final java.lang.String TAG
    static final int OP_NULL
    static final int OP_ADD
    static final int OP_REPLACE
    static final int OP_REMOVE
    static final int OP_HIDE
    static final int OP_SHOW
    static final int OP_DETACH
    static final int OP_ATTACH
    338:338:public int getId()
    342:342:public int getBreadCrumbTitleRes()
    346:346:public int getBreadCrumbShortTitleRes()
    350:353:public java.lang.CharSequence getBreadCrumbTitle()
    357:360:public java.lang.CharSequence getBreadCrumbShortTitle()
    384:385:public android.support.v4.app.FragmentTransaction add(int,android.support.v4.app.Fragment)
    421:421:public android.support.v4.app.FragmentTransaction replace(int,android.support.v4.app.Fragment)
    425:430:public android.support.v4.app.FragmentTransaction replace(int,android.support.v4.app.Fragment,java.lang.String)
    443:448:public android.support.v4.app.FragmentTransaction hide(android.support.v4.app.Fragment)
    452:457:public android.support.v4.app.FragmentTransaction show(android.support.v4.app.Fragment)
    479:479:public android.support.v4.app.FragmentTransaction setCustomAnimations(int,int)
    484:488:public android.support.v4.app.FragmentTransaction setCustomAnimations(int,int,int,int)
    492:493:public android.support.v4.app.FragmentTransaction setTransition(int)
    497:498:public android.support.v4.app.FragmentTransaction setTransitionStyle(int)